  Assignment00.cpp
  Camera.cpp
  GameFramework.cpp
  Player.cpp
  Scene.cpp
D:\Visual Studio\Project\3DGP_Assignment\Assignments\Assignment00\Scene.cpp(312,55): warning C4244: '인수': 'float'에서 '_Ty'(으)로 변환하면서 데이터가 손실될 수 있습니다.
          with
          [
              _Ty=int
          ]
D:\Visual Studio\Project\3DGP_Assignment\Assignments\Assignment00\Scene.cpp(312,47): warning C4244: '인수': 'float'에서 '_Ty'(으)로 변환하면서 데이터가 손실될 수 있습니다.
          with
          [
              _Ty=int
          ]
D:\Visual Studio\Project\3DGP_Assignment\Assignments\Assignment00\Scene.cpp(313,57): warning C4244: '인수': 'float'에서 '_Ty'(으)로 변환하면서 데이터가 손실될 수 있습니다.
          with
          [
              _Ty=int
          ]
D:\Visual Studio\Project\3DGP_Assignment\Assignments\Assignment00\Scene.cpp(313,48): warning C4244: '인수': 'float'에서 '_Ty'(으)로 변환하면서 데이터가 손실될 수 있습니다.
          with
          [
              _Ty=int
          ]
D:\Visual Studio\Project\3DGP_Assignment\Assignments\Assignment00\Scene.cpp(314,55): warning C4244: '인수': 'float'에서 '_Ty'(으)로 변환하면서 데이터가 손실될 수 있습니다.
          with
          [
              _Ty=int
          ]
D:\Visual Studio\Project\3DGP_Assignment\Assignments\Assignment00\Scene.cpp(314,47): warning C4244: '인수': 'float'에서 '_Ty'(으)로 변환하면서 데이터가 손실될 수 있습니다.
          with
          [
              _Ty=int
          ]
  코드를 생성하고 있습니다...
  Assignment00.vcxproj -> D:\Visual Studio\Project\3DGP_Assignment\Assignments\x64\Debug\Assignment00.exe
