d:\visual studio\project\3dgp_assignment\assignments\assignment00\x64\debug\vc142.pdb
d:\visual studio\project\3dgp_assignment\assignments\assignment00\x64\debug\vc142.idb
d:\visual studio\project\3dgp_assignment\assignments\assignment00\x64\debug\stdafx.obj
d:\visual studio\project\3dgp_assignment\assignments\assignment00\x64\debug\assignment00.obj
d:\visual studio\project\3dgp_assignment\assignments\assignment00\x64\debug\timer.obj
d:\visual studio\project\3dgp_assignment\assignments\assignment00\x64\debug\scene.obj
d:\visual studio\project\3dgp_assignment\assignments\assignment00\x64\debug\player.obj
d:\visual studio\project\3dgp_assignment\assignments\assignment00\x64\debug\mesh.obj
d:\visual studio\project\3dgp_assignment\assignments\assignment00\x64\debug\graphicspipeline.obj
d:\visual studio\project\3dgp_assignment\assignments\assignment00\x64\debug\gameobject.obj
d:\visual studio\project\3dgp_assignment\assignments\assignment00\x64\debug\gameframework.obj
d:\visual studio\project\3dgp_assignment\assignments\assignment00\x64\debug\camera.obj
d:\visual studio\project\3dgp_assignment\assignments\assignment00\x64\debug\rail.obj
d:\visual studio\project\3dgp_assignment\assignments\x64\debug\assignment00.exe
d:\visual studio\project\3dgp_assignment\assignments\assignment00\x64\debug\assignment00.ilk
d:\visual studio\project\3dgp_assignment\assignments\x64\debug\assignment00.pdb
d:\visual studio\project\3dgp_assignment\assignments\assignment00\x64\debug\assignment00.res
d:\visual studio\project\3dgp_assignment\assignments\assignment00\x64\debug\assignment00.tlog\cl.command.1.tlog
d:\visual studio\project\3dgp_assignment\assignments\assignment00\x64\debug\assignment00.tlog\cl.read.1.tlog
d:\visual studio\project\3dgp_assignment\assignments\assignment00\x64\debug\assignment00.tlog\cl.write.1.tlog
d:\visual studio\project\3dgp_assignment\assignments\assignment00\x64\debug\assignment00.tlog\link.command.1.tlog
d:\visual studio\project\3dgp_assignment\assignments\assignment00\x64\debug\assignment00.tlog\link.read.1.tlog
d:\visual studio\project\3dgp_assignment\assignments\assignment00\x64\debug\assignment00.tlog\link.write.1.tlog
d:\visual studio\project\3dgp_assignment\assignments\assignment00\x64\debug\assignment00.tlog\rc.command.1.tlog
d:\visual studio\project\3dgp_assignment\assignments\assignment00\x64\debug\assignment00.tlog\rc.read.1.tlog
d:\visual studio\project\3dgp_assignment\assignments\assignment00\x64\debug\assignment00.tlog\rc.write.1.tlog
