  Assignment00.cpp
D:\Visual Studio\Project\3DGP_Assignment\Assignments\Assignment00\stdafx.h(137,110): error C2665: 'Vector3::Angle': 2개의 오버로드 중 모든 인수 형식을 변환할 수 있는 오버로드가 없습니다.
D:\Visual Studio\Project\3DGP_Assignment\Assignments\Assignment00\stdafx.h(135,15): message : 'float Vector3::Angle(DirectX::XMFLOAT3 &,DirectX::XMFLOAT3 &)'일 수 있습니다.
D:\Visual Studio\Project\3DGP_Assignment\Assignments\Assignment00\stdafx.h(129,15): message : 또는       'float Vector3::Angle(DirectX::XMVECTOR &,DirectX::XMVECTOR &)'
D:\Visual Studio\Project\3DGP_Assignment\Assignments\Assignment00\stdafx.h(137,110): message : 인수 목록 '(DirectX::XMVECTOR, DirectX::XMVECTOR)'을(를) 일치시키는 동안
D:\Visual Studio\Project\3DGP_Assignment\Assignments\Assignment00\stdafx.h(149,69): error C2665: 'Vector3::TransformNormal': 2개의 오버로드 중 모든 인수 형식을 변환할 수 있는 오버로드가 없습니다.
D:\Visual Studio\Project\3DGP_Assignment\Assignments\Assignment00\stdafx.h(147,18): message : 'DirectX::XMFLOAT3 Vector3::TransformNormal(DirectX::XMFLOAT3 &,DirectX::XMFLOAT4X4 &)'일 수 있습니다.
D:\Visual Studio\Project\3DGP_Assignment\Assignments\Assignment00\stdafx.h(140,18): message : 또는       'DirectX::XMFLOAT3 Vector3::TransformNormal(DirectX::XMFLOAT3 &,DirectX::XMMATRIX &)'
D:\Visual Studio\Project\3DGP_Assignment\Assignments\Assignment00\stdafx.h(149,69): message : 인수 목록 '(DirectX::XMFLOAT3, DirectX::XMMATRIX)'을(를) 일치시키는 동안
D:\Visual Studio\Project\3DGP_Assignment\Assignments\Assignment00\stdafx.h(161,68): error C2665: 'Vector3::TransformCoord': 2개의 오버로드 중 모든 인수 형식을 변환할 수 있는 오버로드가 없습니다.
D:\Visual Studio\Project\3DGP_Assignment\Assignments\Assignment00\stdafx.h(159,18): message : 'DirectX::XMFLOAT3 Vector3::TransformCoord(DirectX::XMFLOAT3 &,DirectX::XMFLOAT4X4 &)'일 수 있습니다.
D:\Visual Studio\Project\3DGP_Assignment\Assignments\Assignment00\stdafx.h(152,18): message : 또는       'DirectX::XMFLOAT3 Vector3::TransformCoord(DirectX::XMFLOAT3 &,DirectX::XMMATRIX &)'
D:\Visual Studio\Project\3DGP_Assignment\Assignments\Assignment00\stdafx.h(161,68): message : 인수 목록 '(DirectX::XMFLOAT3, DirectX::XMMATRIX)'을(를) 일치시키는 동안
  stdafx.cpp
D:\Visual Studio\Project\3DGP_Assignment\Assignments\Assignment00\stdafx.h(137,110): error C2665: 'Vector3::Angle': 2개의 오버로드 중 모든 인수 형식을 변환할 수 있는 오버로드가 없습니다.
D:\Visual Studio\Project\3DGP_Assignment\Assignments\Assignment00\stdafx.h(135,15): message : 'float Vector3::Angle(DirectX::XMFLOAT3 &,DirectX::XMFLOAT3 &)'일 수 있습니다.
D:\Visual Studio\Project\3DGP_Assignment\Assignments\Assignment00\stdafx.h(129,15): message : 또는       'float Vector3::Angle(DirectX::XMVECTOR &,DirectX::XMVECTOR &)'
D:\Visual Studio\Project\3DGP_Assignment\Assignments\Assignment00\stdafx.h(137,110): message : 인수 목록 '(DirectX::XMVECTOR, DirectX::XMVECTOR)'을(를) 일치시키는 동안
D:\Visual Studio\Project\3DGP_Assignment\Assignments\Assignment00\stdafx.h(149,69): error C2665: 'Vector3::TransformNormal': 2개의 오버로드 중 모든 인수 형식을 변환할 수 있는 오버로드가 없습니다.
D:\Visual Studio\Project\3DGP_Assignment\Assignments\Assignment00\stdafx.h(147,18): message : 'DirectX::XMFLOAT3 Vector3::TransformNormal(DirectX::XMFLOAT3 &,DirectX::XMFLOAT4X4 &)'일 수 있습니다.
D:\Visual Studio\Project\3DGP_Assignment\Assignments\Assignment00\stdafx.h(140,18): message : 또는       'DirectX::XMFLOAT3 Vector3::TransformNormal(DirectX::XMFLOAT3 &,DirectX::XMMATRIX &)'
D:\Visual Studio\Project\3DGP_Assignment\Assignments\Assignment00\stdafx.h(149,69): message : 인수 목록 '(DirectX::XMFLOAT3, DirectX::XMMATRIX)'을(를) 일치시키는 동안
D:\Visual Studio\Project\3DGP_Assignment\Assignments\Assignment00\stdafx.h(161,68): error C2665: 'Vector3::TransformCoord': 2개의 오버로드 중 모든 인수 형식을 변환할 수 있는 오버로드가 없습니다.
D:\Visual Studio\Project\3DGP_Assignment\Assignments\Assignment00\stdafx.h(159,18): message : 'DirectX::XMFLOAT3 Vector3::TransformCoord(DirectX::XMFLOAT3 &,DirectX::XMFLOAT4X4 &)'일 수 있습니다.
D:\Visual Studio\Project\3DGP_Assignment\Assignments\Assignment00\stdafx.h(152,18): message : 또는       'DirectX::XMFLOAT3 Vector3::TransformCoord(DirectX::XMFLOAT3 &,DirectX::XMMATRIX &)'
D:\Visual Studio\Project\3DGP_Assignment\Assignments\Assignment00\stdafx.h(161,68): message : 인수 목록 '(DirectX::XMFLOAT3, DirectX::XMMATRIX)'을(를) 일치시키는 동안
  코드를 생성하고 있습니다...
