  Assignment01.cpp
D:\Visual Studio\Project\3DGP_Assignment\Assignments\Assignment01\GameObject.h(315,1): warning C4267: '인수': 'size_t'에서 'UINT'(으)로 변환하면서 데이터가 손실될 수 있습니다.
  Camera.cpp
D:\Visual Studio\Project\3DGP_Assignment\Assignments\Assignment01\GameObject.h(315,1): warning C4267: '인수': 'size_t'에서 'UINT'(으)로 변환하면서 데이터가 손실될 수 있습니다.
  GameFramework.cpp
D:\Visual Studio\Project\3DGP_Assignment\Assignments\Assignment01\GameObject.h(315,1): warning C4267: '인수': 'size_t'에서 'UINT'(으)로 변환하면서 데이터가 손실될 수 있습니다.
D:\Visual Studio\Project\3DGP_Assignment\Assignments\Assignment01\GameFramework.cpp(335,70): warning C4244: '인수': 'WPARAM'에서 'DWORD'(으)로 변환하면서 데이터가 손실될 수 있습니다.
  GameObject.cpp
D:\Visual Studio\Project\3DGP_Assignment\Assignments\Assignment01\GameObject.h(315,1): warning C4267: '인수': 'size_t'에서 'UINT'(으)로 변환하면서 데이터가 손실될 수 있습니다.
D:\Visual Studio\Project\3DGP_Assignment\Assignments\Assignment01\GameObject.cpp(617,187): warning C4267: '인수': 'size_t'에서 'UINT'(으)로 변환하면서 데이터가 손실될 수 있습니다.
  Mesh.cpp
  Player.cpp
D:\Visual Studio\Project\3DGP_Assignment\Assignments\Assignment01\GameObject.h(315,1): warning C4267: '인수': 'size_t'에서 'UINT'(으)로 변환하면서 데이터가 손실될 수 있습니다.
  Rail.cpp
  Scene.cpp
D:\Visual Studio\Project\3DGP_Assignment\Assignments\Assignment01\GameObject.h(315,1): warning C4267: '인수': 'size_t'에서 'UINT'(으)로 변환하면서 데이터가 손실될 수 있습니다.
  Shader.cpp
D:\Visual Studio\Project\3DGP_Assignment\Assignments\Assignment01\GameObject.h(315,1): warning C4267: '인수': 'size_t'에서 'UINT'(으)로 변환하면서 데이터가 손실될 수 있습니다.
  stdafx.cpp
  Timer.cpp
  코드를 생성하고 있습니다.
  Previous IPDB was built with incompatible compiler, fall back to full compilation.
D:\Visual Studio\Project\3DGP_Assignment\Assignments\Assignment01\Scene.h(31): warning C4715: 'CScene::GetTrack': 모든 제어 경로에서 값을 반환하지는 않습니다.
  All 740 functions were compiled because no usable IPDB/IOBJ from previous compilation was found.
  코드를 생성했습니다.
  Assignment01.vcxproj -> D:\Visual Studio\Project\3DGP_Assignment\Assignments\x64\Release\Assignment01.exe
