d:\visual studio\project\3dgp_assignment\assignments\assignment00\x64\release\vc142.pdb
d:\visual studio\project\3dgp_assignment\assignments\assignment00\x64\release\timer.obj
d:\visual studio\project\3dgp_assignment\assignments\assignment00\x64\release\stdafx.obj
d:\visual studio\project\3dgp_assignment\assignments\assignment00\x64\release\scene.obj
d:\visual studio\project\3dgp_assignment\assignments\assignment00\x64\release\rail.obj
d:\visual studio\project\3dgp_assignment\assignments\assignment00\x64\release\player.obj
d:\visual studio\project\3dgp_assignment\assignments\assignment00\x64\release\mesh.obj
d:\visual studio\project\3dgp_assignment\assignments\assignment00\x64\release\graphicspipeline.obj
d:\visual studio\project\3dgp_assignment\assignments\assignment00\x64\release\gameobject.obj
d:\visual studio\project\3dgp_assignment\assignments\assignment00\x64\release\gameframework.obj
d:\visual studio\project\3dgp_assignment\assignments\assignment00\x64\release\camera.obj
d:\visual studio\project\3dgp_assignment\assignments\assignment00\x64\release\assignment00.obj
d:\visual studio\project\3dgp_assignment\assignments\x64\release\assignment00.exe
d:\visual studio\project\3dgp_assignment\assignments\assignment00\x64\release\assignment00.ipdb
d:\visual studio\project\3dgp_assignment\assignments\assignment00\x64\release\assignment00.iobj
d:\visual studio\project\3dgp_assignment\assignments\x64\release\assignment00.pdb
d:\visual studio\project\3dgp_assignment\assignments\assignment00\x64\release\assignment00.res
d:\visual studio\project\3dgp_assignment\assignments\assignment00\x64\release\assignment00.tlog\cl.command.1.tlog
d:\visual studio\project\3dgp_assignment\assignments\assignment00\x64\release\assignment00.tlog\cl.read.1.tlog
d:\visual studio\project\3dgp_assignment\assignments\assignment00\x64\release\assignment00.tlog\cl.write.1.tlog
d:\visual studio\project\3dgp_assignment\assignments\assignment00\x64\release\assignment00.tlog\link.command.1.tlog
d:\visual studio\project\3dgp_assignment\assignments\assignment00\x64\release\assignment00.tlog\link.read.1.tlog
d:\visual studio\project\3dgp_assignment\assignments\assignment00\x64\release\assignment00.tlog\link.write.1.tlog
d:\visual studio\project\3dgp_assignment\assignments\assignment00\x64\release\assignment00.tlog\rc.command.1.tlog
d:\visual studio\project\3dgp_assignment\assignments\assignment00\x64\release\assignment00.tlog\rc.read.1.tlog
d:\visual studio\project\3dgp_assignment\assignments\assignment00\x64\release\assignment00.tlog\rc.write.1.tlog
