  Assignment02.cpp
  Camera.cpp
  GameFramework.cpp
  Object.cpp
  Player.cpp
  Scene.cpp
D:\Visual Studio\Project\3DGP_Assignment\Assignments\Assignment02\Scene.cpp(76,61): warning C4267: '인수': 'size_t'에서 '_Ty'(으)로 변환하면서 데이터가 손실될 수 있습니다.
          with
          [
              _Ty=int
          ]
D:\Visual Studio\Project\3DGP_Assignment\Assignments\Assignment02\Scene.cpp(77,65): warning C4244: '인수': 'float'에서 '_Ty'(으)로 변환하면서 데이터가 손실될 수 있습니다.
          with
          [
              _Ty=int
          ]
D:\Visual Studio\Project\3DGP_Assignment\Assignments\Assignment02\Scene.cpp(78,66): warning C4244: '인수': 'float'에서 '_Ty'(으)로 변환하면서 데이터가 손실될 수 있습니다.
          with
          [
              _Ty=int
          ]
  Shader.cpp
  코드를 생성하고 있습니다.
  41 of 703 functions ( 5.8%) were compiled, the rest were copied from previous compilation.
    2 functions were new in current compilation
    5 functions had inline decision re-evaluated but remain unchanged
  코드를 생성했습니다.
  Assignment02.vcxproj -> D:\Visual Studio\Project\3DGP_Assignment\Assignments\x64\Release\Assignment02.exe
