c:\users\최해성\desktop\강의자료\3dgp\labproject(software renderer)\labproject02-01\x64\debug\vc142.pdb
c:\users\최해성\desktop\강의자료\3dgp\labproject(software renderer)\labproject02-01\x64\debug\vc142.idb
c:\users\최해성\desktop\강의자료\3dgp\labproject(software renderer)\labproject02-01\x64\debug\timer.obj
c:\users\최해성\desktop\강의자료\3dgp\labproject(software renderer)\labproject02-01\x64\debug\stdafx.obj
c:\users\최해성\desktop\강의자료\3dgp\labproject(software renderer)\labproject02-01\x64\debug\scene.obj
c:\users\최해성\desktop\강의자료\3dgp\labproject(software renderer)\labproject02-01\x64\debug\player.obj
c:\users\최해성\desktop\강의자료\3dgp\labproject(software renderer)\labproject02-01\x64\debug\mesh.obj
c:\users\최해성\desktop\강의자료\3dgp\labproject(software renderer)\labproject02-01\x64\debug\labproject02-01.obj
c:\users\최해성\desktop\강의자료\3dgp\labproject(software renderer)\labproject02-01\x64\debug\graphicspipeline.obj
c:\users\최해성\desktop\강의자료\3dgp\labproject(software renderer)\labproject02-01\x64\debug\gameobject.obj
c:\users\최해성\desktop\강의자료\3dgp\labproject(software renderer)\labproject02-01\x64\debug\gameframework.obj
c:\users\최해성\desktop\강의자료\3dgp\labproject(software renderer)\labproject02-01\x64\debug\camera.obj
c:\users\최해성\desktop\강의자료\3dgp\labproject(software renderer)\labproject02-01\x64\debug\labproject02-01.ilk
c:\users\최해성\desktop\강의자료\3dgp\labproject(software renderer)\x64\debug\labproject02-01.exe
c:\users\최해성\desktop\강의자료\3dgp\labproject(software renderer)\x64\debug\labproject02-01.pdb
c:\users\최해성\desktop\강의자료\3dgp\labproject(software renderer)\labproject02-01\x64\debug\labproject02-01.res
c:\users\최해성\desktop\강의자료\3dgp\labproject(software renderer)\labproject02-01\x64\debug\labproject02-01.tlog\cl.command.1.tlog
c:\users\최해성\desktop\강의자료\3dgp\labproject(software renderer)\labproject02-01\x64\debug\labproject02-01.tlog\cl.read.1.tlog
c:\users\최해성\desktop\강의자료\3dgp\labproject(software renderer)\labproject02-01\x64\debug\labproject02-01.tlog\cl.write.1.tlog
c:\users\최해성\desktop\강의자료\3dgp\labproject(software renderer)\labproject02-01\x64\debug\labproject02-01.tlog\link.command.1.tlog
c:\users\최해성\desktop\강의자료\3dgp\labproject(software renderer)\labproject02-01\x64\debug\labproject02-01.tlog\link.read.1.tlog
c:\users\최해성\desktop\강의자료\3dgp\labproject(software renderer)\labproject02-01\x64\debug\labproject02-01.tlog\link.write.1.tlog
c:\users\최해성\desktop\강의자료\3dgp\labproject(software renderer)\labproject02-01\x64\debug\labproject02-01.tlog\rc.command.1.tlog
c:\users\최해성\desktop\강의자료\3dgp\labproject(software renderer)\labproject02-01\x64\debug\labproject02-01.tlog\rc.read.1.tlog
c:\users\최해성\desktop\강의자료\3dgp\labproject(software renderer)\labproject02-01\x64\debug\labproject02-01.tlog\rc.write.1.tlog
